<?xml version="1.0" encoding="UTF-8"?>
<!-- Generated by org.testng.reporters.JUnitReportReporter -->
<testsuite name="com.qmetry.qaf.automation.step.client.Scenario" tests="1" time="1.060" ignored="0" failures="0" timestamp="05 May 2017 13:31:37 GMT" skipped="1" hostname="ICPL11948" errors="0">
  <testcase name="Add New Contact" time="1.060" classname="com.qmetry.qaf.automation.step.client.Scenario">
    <skipped/>
  </testcase> <!-- Add New Contact -->
</testsuite> <!-- com.qmetry.qaf.automation.step.client.Scenario -->
