<?xml version="1.0" encoding="UTF-8"?>
<!-- Generated by org.testng.reporters.JUnitReportReporter -->
<testsuite name="com.qmetry.qaf.automation.step.client.Scenario" tests="1" time="44.671" ignored="0" failures="0" timestamp="09 May 2017 01:43:15 GMT" skipped="0" hostname="ICPL11948" errors="0">
  <testcase name="Add New Contact" time="44.671" classname="com.qmetry.qaf.automation.step.client.Scenario"/>
</testsuite> <!-- com.qmetry.qaf.automation.step.client.Scenario -->
